c:\users\nothingman\source\repos\curlexample\release\vc142.pdb
c:\users\nothingman\source\repos\curlexample\release\httpdownloader.obj
c:\users\nothingman\source\repos\curlexample\release\curlexample.obj
c:\users\nothingman\source\repos\curlexample\release\growtopiaportdetect.ipdb
c:\users\nothingman\source\repos\curlexample\release\growtopiaportdetect.iobj
c:\users\nothingman\source\repos\curlexample\release\growtopiaportdetect.exe
c:\users\nothingman\source\repos\curlexample\release\growtopiaportdetect.pdb
c:\users\nothingman\source\repos\curlexample\release\curlexample.res
d:\src\source\repos\curlexample\release\curlexample.obj
d:\src\source\repos\curlexample\release\httpdownloader.obj
d:\src\source\repos\curlexample\release\curlexample.ipdb
d:\src\source\repos\curlexample\release\growtopiaportdetect.ipdb
d:\src\source\repos\curlexample\release\curlexample.iobj
d:\src\source\repos\curlexample\release\growtopiaportdetect.iobj
d:\src\source\repos\curlexample\release\curlexample.res
d:\src\source\repos\curlexample\release\curlexample.pdb
d:\src\source\repos\curlexample\release\growtopiaportdetect.pdb
d:\src\source\repos\curlexample\release\vc142.pdb
d:\src\source\repos\curlexample\release\growtopiaportdetect.exe
d:\src\source\repos\curlexample\release\growtopi.4d0c420d.tlog\cl.command.1.tlog
d:\src\source\repos\curlexample\release\growtopi.4d0c420d.tlog\cl.read.1.tlog
d:\src\source\repos\curlexample\release\growtopi.4d0c420d.tlog\cl.write.1.tlog
d:\src\source\repos\curlexample\release\growtopi.4d0c420d.tlog\growtopiaportdetect.write.1u.tlog
d:\src\source\repos\curlexample\release\growtopi.4d0c420d.tlog\link.command.1.tlog
d:\src\source\repos\curlexample\release\growtopi.4d0c420d.tlog\link.read.1.tlog
d:\src\source\repos\curlexample\release\growtopi.4d0c420d.tlog\link.write.1.tlog
d:\src\source\repos\curlexample\release\growtopi.4d0c420d.tlog\rc.command.1.tlog
d:\src\source\repos\curlexample\release\growtopi.4d0c420d.tlog\rc.read.1.tlog
d:\src\source\repos\curlexample\release\growtopi.4d0c420d.tlog\rc.write.1.tlog
